2018-01-30 20:34:43,859 - restLib - INFO - ************* Test started ************
************* Test started ************
2018-01-30 20:34:43,860 - restLib - INFO - POST request URL is https://api.plivo.com/v1/Account/MAZJJMYZU5ODA2YZNKYZ/Subaccount/
POST request URL is https://api.plivo.com/v1/Account/MAZJJMYZU5ODA2YZNKYZ/Subaccount/
2018-01-30 20:34:45,973 - UnitTest - INFO - This is testing
This is testing
2018-01-30 20:34:45,974 - UnitTest - INFO - {'api_id': 'a73bde66-05cf-11e8-8b2e-06c7e858dd42', 'auth_id': 'SAMTK3NMY3OTG3NDK0NT', 'auth_token': 'YmU2NzVhNTlkNzY3M2FjNTc5MmIyZWEyZThlZjc5', 'message': 'created'}
{'api_id': 'a73bde66-05cf-11e8-8b2e-06c7e858dd42', 'auth_id': 'SAMTK3NMY3OTG3NDK0NT', 'auth_token': 'YmU2NzVhNTlkNzY3M2FjNTc5MmIyZWEyZThlZjc5', 'message': 'created'}
2018-01-30 20:34:46,121 - restLib - INFO - GET request URL is https://api.plivo.com/v1/Account/MAZJJMYZU5ODA2YZNKYZ/Subaccount/SAMTK3NMY3OTG3NDK0NT/
GET request URL is https://api.plivo.com/v1/Account/MAZJJMYZU5ODA2YZNKYZ/Subaccount/SAMTK3NMY3OTG3NDK0NT/
2018-01-30 20:34:46,121 - restLib - INFO - GET request URL is https://api.plivo.com/v1/Account/MAZJJMYZU5ODA2YZNKYZ/Subaccount/SAMTK3NMY3OTG3NDK0NT/
GET request URL is https://api.plivo.com/v1/Account/MAZJJMYZU5ODA2YZNKYZ/Subaccount/SAMTK3NMY3OTG3NDK0NT/
2018-01-30 20:34:46,122 - restLib - INFO - Authentication type is HTTPBasicAuth
Authentication type is HTTPBasicAuth
2018-01-30 20:34:47,138 - restLib - INFO - Received response code is 200
Received response code is 200
2018-01-30 20:34:47,138 - restLib - INFO - Received response data is {
  "account": "/v1/Account/MAZJJMYZU5ODA2YZNKYZ/",
  "api_id": "a84a7e5c-05cf-11e8-b939-06755d68f0ca",
  "auth_id": "SAMTK3NMY3OTG3NDK0NT",
  "auth_token": "YmU2NzVhNTlkNzY3M2FjNTc5MmIyZWEyZThlZjc5",
  "created": "2018-01-30",
  "enabled": true,
  "modified": null,
  "name": "user11",
  "new_auth_token": "YmU2NzVhNTlkNzY3M2FjNTc5MmIyZWEyZThlZjc5",
  "resource_uri": "/v1/Account/MAZJJMYZU5ODA2YZNKYZ/Subaccount/SAMTK3NMY3OTG3NDK0NT/"
}
Received response data is {
  "account": "/v1/Account/MAZJJMYZU5ODA2YZNKYZ/",
  "api_id": "a84a7e5c-05cf-11e8-b939-06755d68f0ca",
  "auth_id": "SAMTK3NMY3OTG3NDK0NT",
  "auth_token": "YmU2NzVhNTlkNzY3M2FjNTc5MmIyZWEyZThlZjc5",
  "created": "2018-01-30",
  "enabled": true,
  "modified": null,
  "name": "user11",
  "new_auth_token": "YmU2NzVhNTlkNzY3M2FjNTc5MmIyZWEyZThlZjc5",
  "resource_uri": "/v1/Account/MAZJJMYZU5ODA2YZNKYZ/Subaccount/SAMTK3NMY3OTG3NDK0NT/"
}
2018-01-30 20:34:47,144 - restLib - INFO - DElETE request URL is https://api.plivo.com/v1/Account/MAZJJMYZU5ODA2YZNKYZ/Subaccount/SAMTK3NMY3OTG3NDK0NT/
DElETE request URL is https://api.plivo.com/v1/Account/MAZJJMYZU5ODA2YZNKYZ/Subaccount/SAMTK3NMY3OTG3NDK0NT/
